<?xml version="1.0" encoding="UTF-8"?>
<testsuite xmlns:xsi="http://www.w3.org/2001/XMLSchema-instance" xsi:noNamespaceSchemaLocation="https://maven.apache.org/surefire/maven-surefire-plugin/xsd/surefire-test-report.xsd" version="3.0.2" name="com.example.news.NewsApplicationTests" time="2.515" tests="1" errors="0" skipped="0" failures="0">
  <properties>
[...]
</properties>
  <testcase name="contextLoads" classname="com.example.news.NewsApplicationTests" time="0.682">
    <system-out><![CDATA[01:21:59.559 [main] INFO org.springframework.test.context.support.AnnotationConfigContextLoaderUtils -- Could not detect default configuration classes for test class [com.example.news.NewsApplicationTests]: NewsApplicationTests does not declare any static, non-private, non-final, nested classes annotated with @Configuration.
01:21:59.637 [main] INFO org.springframework.boot.test.context.SpringBootTestContextBootstrapper -- Found @SpringBootConfiguration com.example.news.NewsApplication for test class com.example.news.NewsApplicationTests

  .   ____          _            __ _ _
 /\\ / ___'_ __ _ _(_)_ __  __ _ \ \ \ \
( ( )\___ | '_ | '_| | '_ \/ _` | \ \ \ \
 \\/  ___)| |_)| | | | | || (_| |  ) ) ) )
  '  |____| .__|_| |_|_| |_\__, | / / / /
 =========|_|==============|___/=/_/_/_/

 :: Spring Boot ::                (v3.4.1)

2025-01-03T01:21:59.970+08:00  INFO 11460 --- [News] [           main] com.example.news.NewsApplicationTests    : Starting NewsApplicationTests using Java 20.0.2 with PID 11460 (started by 红枫秋霜 in D:\Homework\Web\News)
2025-01-03T01:21:59.971+08:00  INFO 11460 --- [News] [           main] com.example.news.NewsApplicationTests    : No active profile set, falling back to 1 default profile: "default"
2025-01-03T01:22:01.248+08:00  INFO 11460 --- [News] [           main] com.example.news.NewsApplicationTests    : Started NewsApplicationTests in 1.501 seconds (process running for 2.195)
]]></system-out>
  </testcase>
</testsuite>